(2342, 'Winkler', 142, 0.0, 0.0, 0),
(2810, 'Clyde River', 149, 0.0, 0.0, 0),
(2467, 'Hermitage-Sandyville', 144, 0.0, 0.0, 0),
(2347, 'Fredericton', 143, 0.0, 0.0, 0),
(3124, 'Coronach', 151, 0.0, 0.0, 0),
(2459, 'Harbour Breton', 144, 0.0, 0.0, 0),
(2958, 'Grande-Rivière', 150, 0.0, 0.0, 0),
(2747, 'Halton Hills', 148, 43.65, -80.02, 11),
(3172, 'Luseland', 151, 0.0, 0.0, 0),
(2749, 'Windsor', 148, 0.0, 0.0, 0),
(2993, 'Mercier', 150, 0.0, 0.0, 0),
(3233, 'Whitewood', 151, 0.0, 0.0, 0),
(2591, 'St. George''s', 144, 0.0, 0.0, 0),
(2746, 'Mono', 148, 0.0, 0.0, 0),
(3178, 'Milestone', 151, 0.0, 0.0, 0),
(3082, 'Waterville', 150, 0.0, 0.0, 0),
(3137, 'Esterhazy', 151, 0.0, 0.0, 0),
(2471, 'Hughes Brook', 144, 0.0, 0.0, 0),
(3228, 'Wapella', 151, 0.0, 0.0, 0),
(2453, 'Grand le Pierre', 144, 0.0, 0.0, 0),
(2733, 'London', 148, 0.0, 0.0, 0),
(3239, 'Zealandia', 151, 0.0, 0.0, 0),
(2288, 'Burnaby', 141, 0.0, 0.0, 0),
(2470, 'Howley', 144, 0.0, 0.0, 0),
(2624, 'Winterton', 145, 0.0, 0.0, 0),
(2544, 'Pool''s Cove', 144, 0.0, 0.0, 0),
(2601, 'Stephenville', 144, 0.0, 0.0, 0),
(2679, 'Trenton', 146, 0.0, 0.0, 0),
(2323, 'Port Moody', 141, 0.0, 0.0, 0),
(2941, 'Daveluyville', 150, 0.0, 0.0, 0),
(2548, 'Port au Port West-Aguathuna-Felix Cove', 144, 0.0, 0.0, 0),
(2534, 'Peterview', 144, 0.0, 0.0, 0),
(2589, 'St. Brendan''s', 144, 0.0, 0.0, 0),
(2438, 'Fox Harbour', 144, 0.0, 0.0, 0),
(2824, 'Lorne Valley', 149, 0.0, 0.0, 0),
(2458, 'Happy Valley-Goose Bay', 144, 53.3, -60.33, 10),
(2571, 'Rose Blanche-Harbour le Cou', 144, 0.0, 0.0, 0),
(2295, 'Victoria', 141, 0.0, 0.0, 0),
(3049, 'Saint-Hyacinthe', 150, 0.0, 0.0, 0),
(2892, 'Rimouski', 150, 0.0, 0.0, 0),
(3301, 'Little Gold', 152, 0.0, 0.0, 0),
(2419, 'Cupids', 144, 0.0, 0.0, 0),
(2436, 'Fortune', 144, 0.0, 0.0, 0),
(2338, 'Brandon', 142, 0.0, 0.0, 0),
(3315, 'Ogilvie', 152, 0.0, 0.0, 0),
(2448, 'Glenwood', 144, 0.0, 0.0, 0),
(2625, 'Witless Bay', 145, 0.0, 0.0, 0),
(2279, 'Cold Lake', 140, 0.0, 0.0, 0),
(2931, 'Charlemagne', 150, 0.0, 0.0, 0),
(3112, 'Broadview', 151, 0.0, 0.0, 0),
(2646, 'Kentville', 146, 0.0, 0.0, 0),
(3037, 'Sainte-Anne-de-Bellevue', 150, 0.0, 0.0, 0),
(2403, 'Clarenville', 144, 0.0, 0.0, 0),
(2367, 'Baine Harbour', 144, 0.0, 0.0, 0),
(2981, 'L''Île-Dorval[QC 2]', 150, 0.0, 0.0, 0),
(3277, 'Fort Reliance', 152, 0.0, 0.0, 0),
(2466, 'Heart''s Desire', 144, 0.0, 0.0, 0),
(2588, 'St. Bernard''s-Jacques Fontaine', 144, 0.0, 0.0, 0),
(2956, 'Fossambault-sur-le-Lac', 150, 0.0, 0.0, 0),
(2700, 'Pangnirtung', 147, 0.0, 0.0, 0),
(2693, 'Hall Beach', 147, 0.0, 0.0, 0),
(2740, 'Erin', 148, 43.78, -80.07, 11),
(2526, 'North West River', 144, 0.0, 0.0, 0),
(3180, 'Morse', 151, 0.0, 0.0, 0),
(2862, 'Rouyn-Noranda', 150, 0.0, 0.0, 0),
(2268, 'Red Deer', 140, 0.0, 0.0, 0),
(2705, 'Sanikiluaq', 147, 0.0, 0.0, 0),
(3096, 'Alameda', 151, 0.0, 0.0, 0),
(2724, 'Kearney', 148, 0.0, 0.0, 0),
(2540, 'Point Lance', 144, 0.0, 0.0, 0),
(2677, 'Stellarton', 146, 0.0, 0.0, 0),
(2756, 'Barrie', 148, 0.0, 0.0, 0),
(3107, 'Big River', 151, 0.0, 0.0, 0),
(2547, 'Port au Port East', 144, 0.0, 0.0, 0),
(2417, 'Cox''s Cove', 144, 0.0, 0.0, 0),
(2850, 'Union Road', 149, 0.0, 0.0, 0),
(2628, 'Inuvik', 145, 0.0, 0.0, 0),
(2907, 'Beaconsfield', 150, 0.0, 0.0, 0),
(3217, 'Star City', 151, 0.0, 0.0, 0),
(2852, 'Victoria', 149, 0.0, 0.0, 0),
(3084, 'Windsor', 150, 0.0, 0.0, 0),
(2813, 'Eastern Kings', 149, 0.0, 0.0, 0),
(2474, 'Irishtown-Summerside', 144, 0.0, 0.0, 0),
(2702, 'Qikiqtarjuaq', 147, 0.0, 0.0, 0),
(2622, 'Whiteway', 145, 0.0, 0.0, 0),
(3011, 'Otterburn Park', 150, 0.0, 0.0, 0),
(2904, 'Asbestos', 150, 0.0, 0.0, 0),
(2558, 'Raleigh', 144, 0.0, 0.0, 0),
(3259, 'Canyon', 152, 0.0, 0.0, 0),
(2780, 'Port Colborne', 148, 0.0, 0.0, 0),
(3207, 'Saltcoats', 151, 0.0, 0.0, 0),
(2655, 'Richmond', 146, 0.0, 0.0, 0),
(2424, 'Eastport', 144, 0.0, 0.0, 0),
(2846, 'St. Peters Bay', 149, 0.0, 0.0, 0),
(2736, 'North Bay', 148, 0.0, 0.0, 0),
(2883, 'Percé', 150, 0.0, 0.0, 0),
(2440, 'Gallants', 144, 0.0, 0.0, 0),
(2483, 'L''Anse-au-Loup', 144, 0.0, 0.0, 0),
(3341, 'Tuchitua', 152, 0.0, 0.0, 0),
(2324, 'Powell River', 141, 0.0, 0.0, 0),
(2433, 'Flower''s Cove', 144, 0.0, 0.0, 0),
(2709, 'Greater Sudbury', 148, 46.52, -80.95, 9),
(3188, 'Outlook', 151, 0.0, 0.0, 0),
(3182, 'Naicam', 151, 0.0, 0.0, 0),
(2401, 'Channel-Port aux Basques', 144, 0.0, 0.0, 0),
(3156, 'Kamsack', 151, 0.0, 0.0, 0),
(2565, 'Rigolet', 144, 0.0, 0.0, 0),
(2681, 'Windsor', 146, 0.0, 0.0, 0),
(2550, 'Port Hope Simpson', 144, 0.0, 0.0, 0),
(2861, 'Senneterre', 150, 0.0, 0.0, 0),
(2309, 'Greenwood', 141, 0.0, 0.0, 0),
(2344, 'Morden', 142, 0.0, 0.0, 0),
(2863, 'Val-D''Or', 150, 0.0, 0.0, 0),
(2916, 'Bois-des-Filion', 150, 0.0, 0.0, 0),
(3196, 'Radisson', 151, 0.0, 0.0, 0),
(2755, 'Guelph', 148, 0.0, 0.0, 0),
(3031, 'Saint-Césaire', 150, 0.0, 0.0, 0),
(3149, 'Hanley', 151, 0.0, 0.0, 0),
(2492, 'Little Bay East', 144, 0.0, 0.0, 0),
(3047, 'Saint-Gabriel', 150, 0.0, 0.0, 0),
(2825, 'Lot 11 and Area', 149, 0.0, 0.0, 0),
(3118, 'Carnduff', 151, 0.0, 0.0, 0),
(2837, 'North Shore', 149, 0.0, 0.0, 0),
(3348, 'Whitehorse', 152, 0.0, 0.0, 0),
(2706, 'Taloyoak', 147, 0.0, 0.0, 0),
(3326, 'Silver City', 152, 0.0, 0.0, 0),
(2636, 'Wekweeti', 145, 0.0, 0.0, 0),
(3337, 'Teslin', 152, 0.0, 0.0, 0),
(2647, 'Queens', 146, 0.0, 0.0, 0),
(3271, 'De Wette', 152, 0.0, 0.0, 0),
(2909, 'Beauharnois', 150, 0.0, 0.0, 0),
(3143, 'Govan', 151, 0.0, 0.0, 0),
(3027, 'Saint-Augustin-de-Desmaures', 150, 0.0, 0.0, 0),
(2619, 'West St. Modeste', 145, 0.0, 0.0, 0),
(2713, 'Brant', 148, 43.15, -80.17, 10),
(3046, 'Saint-Eustache', 150, 0.0, 0.0, 0),
(2516, 'Musgrave Harbour', 144, 0.0, 0.0, 0),
(2272, 'St. Albert', 140, 0.0, 0.0, 0),
(3005, 'Neuville', 150, 0.0, 0.0, 0),
(2321, 'Port Alberni', 141, 0.0, 0.0, 0),
(2596, 'St. Lunaire-Griquet', 144, 0.0, 0.0, 0),
(2364, 'Avondale', 144, 0.0, 0.0, 0),
(3330, 'Stony Creek Camp', 152, 0.0, 0.0, 0),
(2599, 'St. Vincent''s-St. Stephen''s-Peter''s River', 144, 0.0, 0.0, 0),
(2939, 'Cowansville', 150, 0.0, 0.0, 0),
(2386, 'Brigus', 144, 0.0, 0.0, 0),
(2722, 'Cochrane', 148, 49.07, -81.03, 10),
(3200, 'Regina Beach', 151, 0.0, 0.0, 0),
(2366, 'Baie Verte', 144, 49.94, -56.19, 10),
(3074, 'Trois-Pistoles', 150, 0.0, 0.0, 0),
(2286, 'Abbotsford', 141, 49.05, -122.3, 10),
(2587, 'St. Anthony', 144, 0.0, 0.0, 0),
(3030, 'Saint-Bruno-de-Montarville', 150, 0.0, 0.0, 0),
(2573, 'Sally''s Cove', 144, 0.0, 0.0, 0),
(2805, 'Brackley', 149, 0.0, 0.0, 0),
(2271, 'Wood Buffalo', 140, 0.0, 0.0, 0),
(2570, 'Roddickton-Bide Arm', 144, 0.0, 0.0, 0),
(2322, 'Port Coquitlam', 141, 0.0, 0.0, 0),
(2742, 'Georgina', 148, 44.3, -79.44, 10),
(2605, 'Terra Nova', 144, 0.0, 0.0, 0),
(3142, 'Francis', 151, 0.0, 0.0, 0),
(2773, 'Timmins', 148, 0.0, 0.0, 0),
(2604, 'Sunnyside', 144, 0.0, 0.0, 0),
(2397, 'Cartwright', 144, 0.0, 0.0, 0),
(2451, 'Grand Bank', 144, 0.0, 0.0, 0),
(3162, 'Kyle', 151, 0.0, 0.0, 0),
(2750, 'Kitchener', 148, 0.0, 0.0, 0),
(2882, 'Bécancour', 150, 46.35, -72.44, 10),
(2362, 'Aquaforte', 144, 0.0, 0.0, 0),
(2400, 'Change Islands', 144, 0.0, 0.0, 0),
(2730, 'Quinte West', 148, 0.0, 0.0, 0),
(2678, 'Stewiacke', 146, 0.0, 0.0, 0),
(2811, 'Crapaud', 149, 0.0, 0.0, 0),
(2783, 'Pembroke', 148, 0.0, 0.0, 0),
(2644, 'Bridgewater', 146, 0.0, 0.0, 0),
(2893, 'Baie-Comeau', 150, 49.22, -68.15, 10),
(3161, 'Kipling', 151, 0.0, 0.0, 0),
(2530, 'Paradise', 144, 0.0, 0.0, 0),
(2668, 'Annapolis Royal', 146, 0.0, 0.0, 0),
(3086, 'Regina', 151, 0.0, 0.0, 0),
(3168, 'Lashburn', 151, 0.0, 0.0, 0),
(2487, 'Lawn', 144, 0.0, 0.0, 0),
(2496, 'Long Harbour-Mount Arlington Heights', 144, 0.0, 0.0, 0),
(2497, 'Lord''s Cove', 144, 0.0, 0.0, 0),
(2888, 'Saint-Félicien', 150, 0.0, 0.0, 0),
(2926, 'Carignan', 150, 0.0, 0.0, 0),
(2469, 'Hopedale', 144, 0.0, 0.0, 0),
(2779, 'Owen Sound', 148, 0.0, 0.0, 0),
(3324, 'Ross River', 152, 0.0, 0.0, 0),
(2396, 'Carmanville', 144, 0.0, 0.0, 0),
(3111, 'Bredenbury', 151, 0.0, 0.0, 0),
(2885, 'Chandler', 150, 48.35, -64.68, 12),
(3226, 'Wakaw', 151, 0.0, 0.0, 0),
(2920, 'Bromont', 150, 0.0, 0.0, 0),
(2680, 'Westville', 146, 0.0, 0.0, 0),
(2657, 'Argyle', 146, 0.0, 0.0, 0),
(3206, 'Rouleau', 151, 0.0, 0.0, 0),
(2356, 'St. John''s', 144, 0.0, 0.0, 0),
(2914, 'Blainville', 150, 0.0, 0.0, 0),
(2535, 'Petty Harbour-Maddox Cove', 144, 0.0, 0.0, 0),
(2583, 'Southern Harbour', 144, 0.0, 0.0, 0),
(3108, 'Biggar', 151, 0.0, 0.0, 0),
(3295, 'Klondike', 152, 0.0, 0.0, 0),
(3167, 'Lanigan', 151, 0.0, 0.0, 0),
(2980, 'L''Île-Cadieux', 150, 0.0, 0.0, 0),
(3076, 'Varennes', 150, 0.0, 0.0, 0),
(2921, 'Brossard', 150, 0.0, 0.0, 0),
(2768, 'Norfolk County', 148, 0.0, 0.0, 0),
(3204, 'Rosetown', 151, 0.0, 0.0, 0),
(2689, 'Clyde River', 147, 0.0, 0.0, 0),
(2567, 'Riverhead', 144, 0.0, 0.0, 0),
(2652, 'Inverness', 146, 0.0, 0.0, 0),
(3068, 'Sorel-Tracy', 150, 0.0, 0.0, 0),
(2963, 'Kingsey Falls', 150, 0.0, 0.0, 0),
(2943, 'Desbiens', 150, 0.0, 0.0, 0),
(2692, 'Grise Fiord', 147, 0.0, 0.0, 0),
(2405, 'Coachman''s Cove', 144, 0.0, 0.0, 0),
(2447, 'Glenburnie-Birchy Head-Shoal Brook', 144, 0.0, 0.0, 0),
(2384, 'Brent''s Cove', 144, 0.0, 0.0, 0),
(2365, 'Badger', 144, 0.0, 0.0, 0),
(2820, 'Kingston', 149, 0.0, 0.0, 0),
(2840, 'Pleasant Grove', 149, 0.0, 0.0, 0),
(2387, 'Bryant''s Cove', 144, 0.0, 0.0, 0),
(2408, 'Come By Chance', 144, 0.0, 0.0, 0),
(3102, 'Balcarres', 151, 0.0, 0.0, 0),
(3008, 'Normandin', 150, 0.0, 0.0, 0),
(2654, 'Pictou', 146, 0.0, 0.0, 0),
(2996, 'Mont-Joli', 150, 0.0, 0.0, 0),
(2346, 'Saint John', 143, 0.0, 0.0, 0),
(2600, 'Steady Brook', 144, 0.0, 0.0, 0),
(2847, 'Tignish', 149, 0.0, 0.0, 0),
(2729, 'Northeastern Manitoulin And The Islands', 148, 0.0, 0.0, 0),
(3310, 'Minto Bridge', 152, 0.0, 0.0, 0),
(3055, 'Saint-Lazare', 150, 0.0, 0.0, 0),
(2817, 'Hampshire', 149, 0.0, 0.0, 0),
(2854, 'Wellington', 149, 0.0, 0.0, 0),
(2514, 'Mount Carmel-Mitchells Brook-St. Catherines', 144, 0.0, 0.0, 0),
(2518, 'Nain', 144, 0.0, 0.0, 0),
(2696, 'Kimmirut', 147, 0.0, 0.0, 0),
(3194, 'Preeceville', 151, 0.0, 0.0, 0),
(2832, 'Morell', 149, 0.0, 0.0, 0),
(3264, 'Champagne', 152, 0.0, 0.0, 0),
(3009, 'Notre-Dame-de-l''Île-Perrot', 150, 0.0, 0.0, 0),
(2866, 'Gaspé', 150, 48.83, -64.49, 10),
(2799, 'Afton', 149, 0.0, 0.0, 0),
(3153, 'Imperial', 151, 0.0, 0.0, 0),
(2765, 'Sault Ste. Marie', 148, 0.0, 0.0, 0),
(2992, 'Matane', 150, 0.0, 0.0, 0),
(2266, 'Calgary', 140, 51.05, -114.07, 10),
(2870, 'Chibougamau', 150, 49.91, -74.37, 10),
(2638, 'Yellowknife', 145, 0.0, 0.0, 0),
(2555, 'Portugal Cove-St. Philip''s', 144, 0.0, 0.0, 0),
(3126, 'Cudworth', 151, 0.0, 0.0, 0),
(2391, 'Burnt Islands', 144, 0.0, 0.0, 0),
(2504, 'Marystown', 144, 0.0, 0.0, 0),
(3116, 'Canora', 151, 0.0, 0.0, 0),
(3256, 'Britannia Creek', 152, 0.0, 0.0, 0),
(3089, 'Swift Current', 151, 0.0, 0.0, 0),
(2597, 'St. Pauls', 144, 0.0, 0.0, 0),
(3154, 'Indian Head', 151, 0.0, 0.0, 0),
(2479, 'King''s Point', 144, 0.0, 0.0, 0),
(2505, 'Massey Drive', 144, 0.0, 0.0, 0),
(2276, 'Brooks', 140, 0.0, 0.0, 0),
(2416, 'Cow Head', 144, 0.0, 0.0, 0),
(2804, 'Bonshaw', 149, 0.0, 0.0, 0),
(2967, 'La Sarre', 150, 0.0, 0.0, 0),
(2360, 'Anchor Point', 144, 0.0, 0.0, 0),
(2910, 'Beaupré', 150, 0.0, 0.0, 0),
(2782, 'Kenora', 148, 0.0, 0.0, 0),
(2519, 'New Perlican', 144, 0.0, 0.0, 0),
(3041, 'Sainte-Julie', 150, 0.0, 0.0, 0),
(3013, 'Pincourt', 150, 0.0, 0.0, 0),
(2685, 'Baker Lake', 147, 0.0, 0.0, 0),
(2867, 'Port-Cartier', 150, 0.0, 0.0, 0),
(2794, 'Summerside', 149, 0.0, 0.0, 0),
(3247, 'Flin Flon', 151, 0.0, 0.0, 0),
(2735, 'Thunder Bay', 148, 0.0, 0.0, 0),
(2465, 'Heart''s Delight-Islington', 144, 0.0, 0.0, 0),
(2502, 'Makkovik', 144, 0.0, 0.0, 0),
(3174, 'Maidstone', 151, 0.0, 0.0, 0),
(2509, 'Miles Cove', 144, 0.0, 0.0, 0),
(2640, 'Cape Breton', 146, 0.0, 0.0, 0),
(3225, 'Wadena', 151, 0.0, 0.0, 0),
(3258, 'Calumet', 152, 0.0, 0.0, 0),
(2776, 'Stratford', 148, 0.0, 0.0, 0),
(2839, 'Northport', 149, 0.0, 0.0, 0),
(3308, 'McCabe Creek', 152, 0.0, 0.0, 0),
(2712, 'Prince Edward County', 148, 0.0, 0.0, 0),
(3213, 'Spiritwood', 151, 0.0, 0.0, 0),
(3052, 'Saint-Joseph-de-Beauce', 150, 0.0, 0.0, 0),
(2444, 'Gaskiers-Point La Haye', 144, 0.0, 0.0, 0),
(3007, 'Nicolet', 150, 0.0, 0.0, 0),
(2875, 'Baie-Saint-Paul', 150, 47.44, -70.5, 10),
(3218, 'Stoughton', 151, 0.0, 0.0, 0),
(3342, 'Upper Laberge', 152, 0.0, 0.0, 0),
(3302, 'Little River', 152, 0.0, 0.0, 0),
(2427, 'Englee', 144, 0.0, 0.0, 0),
(2500, 'Lushes Bight-Beaumont-Beaumont North', 144, 0.0, 0.0, 0),
(3033, 'Saint-Constant', 150, 0.0, 0.0, 0),
(2930, 'Chapais', 150, 0.0, 0.0, 0),
(3021, 'Repentigny', 150, 0.0, 0.0, 0),
(2463, 'Hawke''s Bay', 144, 0.0, 0.0, 0),
(2560, 'Red Bay', 144, 0.0, 0.0, 0),
(2310, 'Kamloops', 141, 0.0, 0.0, 0),
(3252, 'Black Hills', 152, 0.0, 0.0, 0),
(2350, 'Quispamsis', 143, 0.0, 0.0, 0),
(2290, 'Kelowna', 141, 0.0, 0.0, 0),
(2969, 'Lac-Delage', 150, 0.0, 0.0, 0),
(2510, 'Millertown', 144, 0.0, 0.0, 0),
(3032, 'Saint-Colomban', 150, 0.0, 0.0, 0),
(3169, 'Leader', 151, 0.0, 0.0, 0),
(2538, 'Placentia', 144, 0.0, 0.0, 0),
(3183, 'Nipawin', 151, 0.0, 0.0, 0),
(3349, 'Whitestone Village', 152, 0.0, 0.0, 0),
(2869, 'Témiscaming', 150, 0.0, 0.0, 0),
(3017, 'Portneuf', 150, 0.0, 0.0, 0),
(3053, 'Saint-Joseph-de-Sorel', 150, 0.0, 0.0, 0),
(2880, 'Québec City', 150, 0.0, 0.0, 0),
(2392, 'Campbellton', 144, 0.0, 0.0, 0),
(2404, 'Clarke''s Beach', 144, 0.0, 0.0, 0),
(2575, 'Salvage', 144, 0.0, 0.0, 0),
(2545, 'Port Anson', 144, 0.0, 0.0, 0),
(3273, 'Dominion', 152, 0.0, 0.0, 0),
(3189, 'Oxbow', 151, 0.0, 0.0, 0),
(3257, 'Brooks Brook', 152, 0.0, 0.0, 0),
(2925, 'Cap-Santé', 150, 0.0, 0.0, 0),
(2955, 'Forestville', 150, 0.0, 0.0, 0),
(3237, 'Wynyard', 151, 0.0, 0.0, 0),
(3184, 'Nokomis', 151, 0.0, 0.0, 0),
(2394, 'Cape St. George', 144, 0.0, 0.0, 0),
(2792, 'Souris', 149, 0.0, 0.0, 0),
(3024, 'Rivière-du-Loup', 150, 0.0, 0.0, 0),
(3292, 'Jakes Corner', 152, 0.0, 0.0, 0),
(2748, 'New Tecumseth', 148, 0.0, 0.0, 0),
(3316, 'Paris', 152, 0.0, 0.0, 0),
(3317, 'Pelly Crossing', 152, 0.0, 0.0, 0),
(2777, 'Orillia', 148, 0.0, 0.0, 0),
(2959, 'Hampstead', 150, 0.0, 0.0, 0),
(2895, 'Dolbeau-Mistassini', 150, 48.88, -72.23, 10),
(2663, 'Guysborough', 146, 0.0, 0.0, 0),
(2549, 'Port Blandford', 144, 0.0, 0.0, 0),
(2864, 'Sept-Îles', 150, 0.0, 0.0, 0),
(3243, 'Humboldt', 151, 0.0, 0.0, 0),
(2951, 'Duparquet', 150, 0.0, 0.0, 0),
(2752, 'Markham', 148, 0.0, 0.0, 0),
(2564, 'Renews-Cappahayden', 144, 0.0, 0.0, 0),
(2884, 'Amos', 150, 48.57, -78.11, 10),
(3176, 'Marshall', 151, 0.0, 0.0, 0),
(3070, 'Sutton', 150, 0.0, 0.0, 0),
(2651, 'Cumberland', 146, 0.0, 0.0, 0),
(2580, 'Small Point-Adam''s Cove-Blackhead-Broad Cove', 144, 0.0, 0.0, 0),
(3332, 'Summit Roadhouse', 152, 0.0, 0.0, 0),
(2333, 'Vernon', 141, 0.0, 0.0, 0),
(3276, 'Flat Creek', 152, 0.0, 0.0, 0),
(3291, 'Isaac Creek', 152, 0.0, 0.0, 0),
(3129, 'Dalmeny', 151, 0.0, 0.0, 0),
(2275, 'Airdrie', 140, 0.0, 0.0, 0),
(3020, 'Québec[QC 4]', 150, 0.0, 0.0, 0),
(2584, 'Spaniard''s Bay', 144, 0.0, 0.0, 0),
(2682, 'Wolfville', 146, 0.0, 0.0, 0),
(3312, 'Morley River', 152, 0.0, 0.0, 0),
(2590, 'St. Bride''s', 144, 0.0, 0.0, 0),
(2946, 'Dollard-des-Ormeaux', 150, 0.0, 0.0, 0),
(3135, 'Eatonia', 151, 0.0, 0.0, 0),
(3289, 'Hootalinqua', 152, 0.0, 0.0, 0),
(2908, 'Beauceville', 150, 0.0, 0.0, 0),
(3300, 'Lapierre House', 152, 0.0, 0.0, 0),
(3305, 'Lorne', 152, 0.0, 0.0, 0),
(2957, 'Granby', 150, 0.0, 0.0, 0),
(3175, 'Maple Creek', 151, 0.0, 0.0, 0),
(3266, 'Clinton Creek', 152, 0.0, 0.0, 0),
(2541, 'Point Leamington', 144, 0.0, 0.0, 0),
(2767, 'Sarnia', 148, 0.0, 0.0, 0),
(2308, 'Grand Forks', 141, 0.0, 0.0, 0),
(2886, 'Gracefield', 150, 46.09, -76.05, 14),
(2343, 'Selkirk', 142, 0.0, 0.0, 0),
(2425, 'Elliston', 144, 0.0, 0.0, 0),
(3327, 'Sixtymile', 152, 0.0, 0.0, 0),
(2760, 'Burlington', 148, 0.0, 0.0, 0),
(2775, 'Woodstock', 148, 0.0, 0.0, 0),
(2484, 'L''Anse-au-Clair', 144, 0.0, 0.0, 0),
(2788, 'Cornwall', 149, 0.0, 0.0, 0),
(3106, 'Bienfait', 151, 0.0, 0.0, 0),
(2402, 'Chapel Arm', 144, 0.0, 0.0, 0),
(3262, 'Caribou', 152, 0.0, 0.0, 0),
(3028, 'Saint-Basile', 150, 0.0, 0.0, 0),
(2297, 'Campbell River', 141, 0.0, 0.0, 0),
(2435, 'Forteau', 144, 0.0, 0.0, 0),
(2634, 'Tulita', 145, 0.0, 0.0, 0),
(2874, 'Belleterre', 150, 47.39, -78.7, 10),
(3303, 'Little Salmon', 152, 0.0, 0.0, 0),
(2316, 'Nelson', 141, 0.0, 0.0, 0),
(2827, 'Malpeque Bay', 149, 0.0, 0.0, 0),
(3121, 'Choiceland', 151, 0.0, 0.0, 0),
(2428, 'English Harbour East', 144, 0.0, 0.0, 0),
(2291, 'Langley', 141, 0.0, 0.0, 0),
(2539, 'Point au Gaul', 144, 0.0, 0.0, 0),
(2669, 'Berwick', 146, 0.0, 0.0, 0),
(3173, 'Macklin', 151, 0.0, 0.0, 0),
(2418, 'Crow Head', 144, 0.0, 0.0, 0),
(2287, 'Surrey', 141, 0.0, 0.0, 0),
(2710, 'Ottawa', 148, 0.0, 0.0, 0),
(2698, 'Kugluktuk', 147, 0.0, 0.0, 0),
(2305, 'Enderby', 141, 0.0, 0.0, 0),
(2554, 'Portugal Cove South', 144, 0.0, 0.0, 0),
(2999, 'Montreal West', 150, 0.0, 0.0, 0),
(3097, 'Allan', 151, 0.0, 0.0, 0),
(2778, 'Brockville', 148, 0.0, 0.0, 0),
(2372, 'Bay Roberts', 144, 0.0, 0.0, 0),
(3220, 'Sturgis', 151, 0.0, 0.0, 0),
(2594, 'St. Lawrence', 144, 0.0, 0.0, 0),
(2675, 'Oxford', 146, 0.0, 0.0, 0),
(2995, 'Métis-sur-Mer', 150, 0.0, 0.0, 0),
(2922, 'Brownsburg-Chatham', 150, 0.0, 0.0, 0),
(2314, 'Merritt', 141, 0.0, 0.0, 0),
(3002, 'Mont-Tremblant', 150, 0.0, 0.0, 0),
(2491, 'Little Bay', 144, 0.0, 0.0, 0),
(2726, 'Blind River', 148, 46.18, -82.95, 9),
(2835, 'Murray River', 149, 0.0, 0.0, 0),
(3227, 'Waldheim', 151, 0.0, 0.0, 0),
(2529, 'Pacquet', 144, 0.0, 0.0, 0),
(2618, 'Wabush', 145, 0.0, 0.0, 0),
(2577, 'Sandy Cove', 144, 0.0, 0.0, 0),
(3062, 'Saint-Rémi', 150, 0.0, 0.0, 0),
(3069, 'Stanstead', 150, 0.0, 0.0, 0),
(3179, 'Moosomin', 151, 0.0, 0.0, 0),
(2543, 'Point of Bay', 144, 0.0, 0.0, 0),
(3338, 'Teslin Crossing', 152, 0.0, 0.0, 0),
(2377, 'Birchy Bay', 144, 0.0, 0.0, 0),
(3080, 'Warwick', 150, 0.0, 0.0, 0),
(3328, 'Snag Junction', 152, 0.0, 0.0, 0),
(3057, 'Saint-Marc-des-Carrières', 150, 0.0, 0.0, 0),
(2912, 'Beloeil', 150, 0.0, 0.0, 0),
(2662, 'East Hants', 146, 0.0, 0.0, 0),
(2790, 'Kensington', 149, 0.0, 0.0, 0),
(3151, 'Herbert', 151, 0.0, 0.0, 0),
(2412, 'Conche', 144, 0.0, 0.0, 0),
(2355, 'Campbellton', 143, 0.0, 0.0, 0),
(2703, 'Rankin Inlet', 147, 0.0, 0.0, 0),
(2915, 'Boisbriand', 150, 0.0, 0.0, 0),
(3347, 'Whitefish Station', 152, 0.0, 0.0, 0),
(2671, 'Lockeport', 146, 0.0, 0.0, 0),
(2842, 'Souris West', 149, 0.0, 0.0, 0),
(2961, 'Huntingdon', 150, 0.0, 0.0, 0),
(3331, 'Sulphur', 152, 0.0, 0.0, 0),
(2399, 'Chance Cove', 144, 0.0, 0.0, 0),
(2426, 'Embree', 144, 0.0, 0.0, 0),
(2585, 'Springdale', 144, 0.0, 0.0, 0),
(2979, 'Léry', 150, 0.0, 0.0, 0),
(2929, 'Chambly', 150, 0.0, 0.0, 0),
(3054, 'Saint-Lambert', 150, 0.0, 0.0, 0),
(3296, 'Klukshu', 152, 0.0, 0.0, 0),
(2443, 'Garnish', 144, 0.0, 0.0, 0),
(2656, 'Victoria', 146, 0.0, 0.0, 0),
(3004, 'Murdochville', 150, 0.0, 0.0, 0),
(2320, 'Pitt Meadows', 141, 0.0, 0.0, 0),
(3109, 'Birch Hills', 151, 0.0, 0.0, 0),
(2380, 'Bishop''s Falls', 144, 0.0, 0.0, 0),
(3199, 'Redvers', 151, 0.0, 0.0, 0),
(3015, 'Pointe-Claire', 150, 0.0, 0.0, 0),
(2711, 'Hamilton', 148, 43.26, -79.87, 10),
(2739, 'Clarence-Rockland', 148, 45.55, -75.28, 11),
(2319, 'Penticton', 141, 0.0, 0.0, 0),
(2486, 'LaScie', 144, 0.0, 0.0, 0),
(2274, 'Grande Prairie', 140, 0.0, 0.0, 0),
(2303, 'Dawson Creek', 141, 0.0, 0.0, 0),
(2449, 'Glovertown', 144, 0.0, 0.0, 0),
(3298, 'Kynocks', 152, 0.0, 0.0, 0),
(3192, 'Ponteix', 151, 0.0, 0.0, 0),
(2613, 'Triton', 144, 0.0, 0.0, 0),
(2751, 'Vaughan', 148, 0.0, 0.0, 0),
(3212, 'Southey', 151, 0.0, 0.0, 0),
(2379, 'Bishop''s Cove', 144, 0.0, 0.0, 0),
(2429, 'Fermeuse', 144, 0.0, 0.0, 0),
(2532, 'Parson''s Pond', 144, 0.0, 0.0, 0),
(2359, 'Admirals Beach', 144, 0.0, 0.0, 0),
(3285, 'Grand Forks', 152, 0.0, 0.0, 0),
(3267, 'Coffee Creek', 152, 0.0, 0.0, 0),
(2786, 'Alberton', 149, 0.0, 0.0, 0),
(3279, 'Forty Mile', 152, 0.0, 0.0, 0),
(2595, 'St. Lewis', 144, 0.0, 0.0, 0),
(2421, 'Deer Lake', 144, 0.0, 0.0, 0),
(2683, 'Arctic Bay', 147, 0.0, 0.0, 0),
(2876, 'Mirabel', 150, 0.0, 0.0, 0),
(3336, 'Ten Mile', 152, 0.0, 0.0, 0),
(3051, 'Saint-Jérôme', 150, 0.0, 0.0, 0),
(2721, 'Moosonee', 148, 0.0, 0.0, 0),
(3203, 'Rose Valley', 151, 0.0, 0.0, 0),
(3056, 'Saint-Lin-Laurentides', 150, 0.0, 0.0, 0),
(3236, 'Wolseley', 151, 0.0, 0.0, 0),
(2393, 'Cape Broyle', 144, 0.0, 0.0, 0),
(2952, 'East Angus', 150, 0.0, 0.0, 0),
(2307, 'Fort St. John', 141, 0.0, 0.0, 0),
(3318, 'Pelly Lakes', 152, 0.0, 0.0, 0),
(2331, 'Terrace', 141, 0.0, 0.0, 0),
(2390, 'Burin', 144, 0.0, 0.0, 0),
(2670, 'Clark''s Harbour', 146, 0.0, 0.0, 0),
(2944, 'Deux-Montagnes', 150, 0.0, 0.0, 0),
(2731, 'Greater Napanee', 148, 44.21, -76.96, 10),
(2936, 'Contrecoeur', 150, 0.0, 0.0, 0),
(2972, 'Lac-Saint-Joseph', 150, 0.0, 0.0, 0),
(2806, 'Breadalbane', 149, 0.0, 0.0, 0),
(2598, 'St. Shott''s', 144, 0.0, 0.0, 0),
(2982, 'L''Île-Perrot', 150, 0.0, 0.0, 0),
(3343, 'Upper Liard', 152, 0.0, 0.0, 0),
(2409, 'Comfort Cove-Newstead', 144, 0.0, 0.0, 0),
(2787, 'Charlottetown', 149, 0.0, 0.0, 0),
(2844, 'St. Louis', 149, 0.0, 0.0, 0),
(3246, 'Melville', 151, 0.0, 0.0, 0),
(3157, 'Kelvington', 151, 0.0, 0.0, 0),
(2327, 'Quesnel', 141, 0.0, 0.0, 0),
(2759, 'Peterborough', 148, 0.0, 0.0, 0),
(3088, 'Moose Jaw', 151, 0.0, 0.0, 0),
(2552, 'Port Rexton', 144, 0.0, 0.0, 0),
(2645, 'Yarmouth', 146, 0.0, 0.0, 0),
(2905, 'Baie-D''Urfé', 150, 0.0, 0.0, 0),
(3231, 'Wawota', 151, 0.0, 0.0, 0),
(3125, 'Craik', 151, 0.0, 0.0, 0),
(3202, 'Rockglen', 151, 0.0, 0.0, 0),
(2493, 'Little Bay Islands', 144, 0.0, 0.0, 0),
(2976, 'Lavaltrie', 150, 0.0, 0.0, 0),
(3003, 'Mount Royal', 150, 0.0, 0.0, 0),
(2887, 'Montreal', 150, 0.0, 0.0, 0),
(2838, 'North Wiltshire', 149, 0.0, 0.0, 0),
(3187, 'Osler', 151, 0.0, 0.0, 0),
(2375, 'Bellburns', 144, 0.0, 0.0, 0),
(2800, 'Alexandra', 149, 0.0, 0.0, 0),
(2945, 'Disraeli', 150, 0.0, 0.0, 0),
(2566, 'River of Ponds', 144, 0.0, 0.0, 0),
(3272, 'Dezadeash', 152, 0.0, 0.0, 0),
(2851, 'Valleyfield', 149, 0.0, 0.0, 0),
(2796, 'North Rustico', 149, 0.0, 0.0, 0),
(3042, 'Sainte-Marguerite-du-Lac-Masson', 150, 0.0, 0.0, 0),
(2332, 'Trail', 141, 0.0, 0.0, 0),
(2878, 'La Malbaie', 150, 0.0, 0.0, 0),
(2889, 'Sherbrooke', 150, 0.0, 0.0, 0),
(2737, 'Plympton-Wyoming', 148, 0.0, 0.0, 0),
(2968, 'La Tuque[QC 1]', 150, 0.0, 0.0, 0),
(3193, 'Porcupine Plain', 151, 0.0, 0.0, 0),
(2592, 'St. Jacques-Coomb''s Cove', 144, 0.0, 0.0, 0),
(3323, 'Rock Creek', 152, 0.0, 0.0, 0),
(2527, 'Northern Arm', 144, 0.0, 0.0, 0),
(2649, 'Antigonish', 146, 0.0, 0.0, 0),
(2606, 'Terrenceville', 144, 0.0, 0.0, 0),
(2834, 'Murray Harbour', 149, 0.0, 0.0, 0),
(3101, 'Assiniboia', 151, 0.0, 0.0, 0),
(3304, 'Little Teslin Lake', 152, 0.0, 0.0, 0),
(2690, 'Coral Harbour', 147, 0.0, 0.0, 0),
(2727, 'Mississippi Mills', 148, 0.0, 0.0, 0),
(3105, 'Bengough', 151, 0.0, 0.0, 0),
(2614, 'Trout River', 144, 0.0, 0.0, 0),
(3100, 'Asquith', 151, 0.0, 0.0, 0),
(2574, 'Salmon Cove', 144, 0.0, 0.0, 0),
(2815, 'Grand Tracadie', 149, 0.0, 0.0, 0),
(2789, 'Georgetown', 149, 0.0, 0.0, 0),
(2738, 'Minto', 148, 0.0, 0.0, 0),
(3333, 'Tagish', 152, 0.0, 0.0, 0),
(2524, 'Norris Point', 144, 0.0, 0.0, 0),
(2445, 'Gaultois', 144, 0.0, 0.0, 0),
(3094, 'Weyburn', 151, 0.0, 0.0, 0),
(2871, 'Saint-Raymond', 150, 0.0, 0.0, 0),
(2973, 'Lac-Sergent', 150, 0.0, 0.0, 0),
(3083, 'Westmount', 150, 0.0, 0.0, 0),
(2508, 'Middle Arm', 144, 0.0, 0.0, 0),
(2623, 'Winterland', 145, 0.0, 0.0, 0),
(2650, 'Colchester', 146, 0.0, 0.0, 0),
(2285, 'Wetaskiwin', 140, 0.0, 0.0, 0),
(2318, 'Parksville', 141, 0.0, 0.0, 0),
(2439, 'Frenchman''s Cove', 144, 0.0, 0.0, 0),
(2582, 'South River', 144, 0.0, 0.0, 0),
(3025, 'Roberval', 150, 0.0, 0.0, 0),
(3321, 'Readford', 152, 0.0, 0.0, 0),
(3275, 'Faro', 152, 0.0, 0.0, 0),
(2593, 'St. Joseph''s', 144, 0.0, 0.0, 0),
(2460, 'Harbour Grace', 144, 0.0, 0.0, 0),
(3160, 'Kinistino', 151, 0.0, 0.0, 0),
(2420, 'Daniel''s Harbour', 144, 0.0, 0.0, 0),
(2935, 'Coaticook', 150, 0.0, 0.0, 0),
(2766, 'Kawartha Lakes', 148, 0.0, 0.0, 0),
(3309, 'McQuesten', 152, 0.0, 0.0, 0),
(3334, 'Takhini', 152, 0.0, 0.0, 0),
(2313, 'Maple Ridge', 141, 0.0, 0.0, 0),
(3093, 'Warman', 151, 0.0, 0.0, 0),
(2472, 'Humber Arm South', 144, 0.0, 0.0, 0),
(3115, 'Cabri', 151, 0.0, 0.0, 0),
(3190, 'Pense', 151, 0.0, 0.0, 0),
(2383, 'Branch', 144, 0.0, 0.0, 0),
(2728, 'Gravenhurst', 148, 44.92, -79.37, 10),
(3166, 'Langham', 151, 0.0, 0.0, 0),
(3092, 'Estevan', 151, 0.0, 0.0, 0),
(2522, 'Norman''s Cove-Long Cove', 144, 0.0, 0.0, 0),
(2933, 'Château-Richer', 150, 0.0, 0.0, 0),
(2932, 'Châteauguay', 150, 0.0, 0.0, 0),
(2940, 'Danville', 150, 0.0, 0.0, 0),
(3128, 'Cut Knife', 151, 0.0, 0.0, 0),
(2664, 'Lunenburg', 146, 0.0, 0.0, 0),
(3012, 'Paspébiac', 150, 0.0, 0.0, 0),
(2772, 'Haldimand County', 148, 42.93, -79.88, 9),
(2928, 'Causapscal', 150, 0.0, 0.0, 0),
(2828, 'Meadowbank', 149, 0.0, 0.0, 0),
(2298, 'Castlegar', 141, 0.0, 0.0, 0),
(2611, 'Trinity', 144, 0.0, 0.0, 0),
(3000, 'Montréal-Est', 150, 0.0, 0.0, 0),
(2898, 'Laval', 150, 0.0, 0.0, 0),
(3297, 'Koidern', 152, 0.0, 0.0, 0),
(2525, 'North River', 144, 0.0, 0.0, 0),
(2809, 'Central Kings', 149, 0.0, 0.0, 0),
(2725, 'Lakeshore', 148, 0.0, 0.0, 0),
(3248, 'Aishihik', 152, 0.0, 0.0, 0),
(2336, 'Williams Lake', 141, 0.0, 0.0, 0),
(3335, 'Takhini Hot Springs', 152, 0.0, 0.0, 0),
(2330, 'Salmon Arm', 141, 0.0, 0.0, 0),
(2612, 'Trinity Bay North', 144, 0.0, 0.0, 0),
(2345, 'Dauphin', 142, 0.0, 0.0, 0),
(2947, 'Donnacona', 150, 0.0, 0.0, 0),
(2569, 'Rocky Harbour', 144, 0.0, 0.0, 0),
(2432, 'Fleur de Lys', 144, 0.0, 0.0, 0),
(2841, 'Sherbrooke', 149, 0.0, 0.0, 0),
(2991, 'Matagami', 150, 0.0, 0.0, 0),
(2954, 'Farnham', 150, 0.0, 0.0, 0),
(2822, 'Lady Slipper', 149, 0.0, 0.0, 0),
(3095, 'Aberdeen', 151, 0.0, 0.0, 0),
(2720, 'Iroquois Falls', 148, 0.0, 0.0, 0),
(3130, 'Davidson', 151, 0.0, 0.0, 0),
(2371, 'Bay L''Argent', 144, 0.0, 0.0, 0),
(2865, 'Saguenay', 150, 0.0, 0.0, 0),
(3018, 'Prévost', 150, 0.0, 0.0, 0),
(2501, 'Main Brook', 144, 0.0, 0.0, 0),
(3219, 'Strasbourg', 151, 0.0, 0.0, 0),
(2513, 'Morrisville', 144, 0.0, 0.0, 0),
(3144, 'Gravelbourg', 151, 0.0, 0.0, 0),
(3038, 'Sainte-Anne-des-Plaines', 150, 0.0, 0.0, 0),
(2637, 'Whatì', 145, 0.0, 0.0, 0),
(2476, 'Jackson''s Arm', 144, 0.0, 0.0, 0),
(3307, 'Mayo', 152, 0.0, 0.0, 0),
(2568, 'Robert''s Arm', 144, 0.0, 0.0, 0),
(2858, 'Stanley Bridge, Hope River, Bayview,', 149, 0.0, 0.0, 0),
(2481, 'Labrador City', 144, 0.0, 0.0, 0),
(2949, 'Drummondville', 150, 0.0, 0.0, 0),
(2819, 'Hunter River', 149, 0.0, 0.0, 0),
(3274, 'Eagle Plains', 152, 0.0, 0.0, 0),
(2691, 'Gjoa Haven', 147, 0.0, 0.0, 0),
(2695, 'Iqaluit', 147, 0.0, 0.0, 0),
(2461, 'Harbour Main-Chapel''s Cove-Lakeview', 144, 0.0, 0.0, 0),
(2490, 'Lewisporte', 144, 0.0, 0.0, 0),
(3087, 'Prince Albert', 151, 0.0, 0.0, 0),
(2556, 'Postville', 144, 0.0, 0.0, 0),
(2987, 'Malartic', 150, 0.0, 0.0, 0),
(3050, 'Saint-Jean-sur-Richelieu', 150, 0.0, 0.0, 0),
(2475, 'Isle aux Morts', 144, 0.0, 0.0, 0),
(2988, 'Maniwaki', 150, 0.0, 0.0, 0),
(2374, 'Beachside', 144, 0.0, 0.0, 0),
(2506, 'McIvers', 144, 0.0, 0.0, 0),
(2607, 'Tilt Cove', 144, 0.0, 0.0, 0),
(2642, 'Amherst', 146, 0.0, 0.0, 0),
(3278, 'Fort Selkirk', 152, 0.0, 0.0, 0),
(2280, 'Fort Saskatchewan', 140, 0.0, 0.0, 0),
(2410, 'Conception Bay South', 144, 0.0, 0.0, 0),
(2494, 'Little Burnt Bay', 144, 0.0, 0.0, 0),
(3066, 'Schefferville', 150, 0.0, 0.0, 0),
(3029, 'Saint-Basile-le-Grand', 150, 0.0, 0.0, 0),
(3211, 'Sintaluta', 151, 0.0, 0.0, 0),
(3120, 'Central Butte', 151, 0.0, 0.0, 0),
(3201, 'Rocanville', 151, 0.0, 0.0, 0),
(2482, 'Lamaline', 144, 0.0, 0.0, 0),
(2378, 'Bird Cove', 144, 0.0, 0.0, 0),
(2361, 'Appleton', 144, 0.0, 0.0, 0),
(2674, 'Mulgrave', 146, 0.0, 0.0, 0),
(2520, 'New-Wes-Valley', 144, 0.0, 0.0, 0),
(2561, 'Red Harbour', 144, 0.0, 0.0, 0),
(2537, 'Pinware', 144, 0.0, 0.0, 0),
(2603, 'Summerford', 144, 0.0, 0.0, 0),
(2803, 'Belfast', 149, 0.0, 0.0, 0),
(3067, 'Scotstown', 150, 0.0, 0.0, 0),
(2431, 'Flatrock', 144, 0.0, 0.0, 0),
(2456, 'Hant''s Harbour', 144, 0.0, 0.0, 0),
(2821, 'Kinkora', 149, 0.0, 0.0, 0),
(3079, 'Ville-Marie', 150, 0.0, 0.0, 0),
(2781, 'Thorold', 148, 0.0, 0.0, 0),
(2894, 'Cookshire-Eaton', 150, 45.41, -71.63, 11),
(2978, 'L''Épiphanie', 150, 0.0, 0.0, 0),
(3238, 'Yellow Grass', 151, 0.0, 0.0, 0),
(3155, 'Ituna', 151, 0.0, 0.0, 0),
(2437, 'Fox Cove-Mortier', 144, 0.0, 0.0, 0),
(3010, 'Notre-Dame-des-Prairies', 150, 0.0, 0.0, 0),
(2658, 'Barrington', 146, 0.0, 0.0, 0),
(3195, 'Qu''Appelle', 151, 0.0, 0.0, 0),
(2464, 'Heart''s Content', 144, 0.0, 0.0, 0),
(3265, 'Clear Creek', 152, 0.0, 0.0, 0),
(2985, 'Macamic', 150, 0.0, 0.0, 0),
(2312, 'Langford', 141, 0.0, 0.0, 0),
(3034, 'Sainte-Adèle', 150, 0.0, 0.0, 0),
(2317, 'New Westminster', 141, 0.0, 0.0, 0),
(2468, 'Holyrood', 144, 0.0, 0.0, 0),
(2643, 'New Glasgow', 146, 0.0, 0.0, 0),
(2684, 'Arviat', 147, 0.0, 0.0, 0),
(3340, 'Thistle Creek', 152, 0.0, 0.0, 0),
(3269, 'Dalton Post', 152, 0.0, 0.0, 0),
(3325, 'Scroggie Creek', 152, 0.0, 0.0, 0),
(2984, 'Louiseville', 150, 0.0, 0.0, 0),
(3268, 'Conrad', 152, 0.0, 0.0, 0),
(2277, 'Camrose', 140, 0.0, 0.0, 0),
(2528, 'Old Perlican', 144, 0.0, 0.0, 0),
(3077, 'Vaudreuil-Dorion', 150, 0.0, 0.0, 0),
(3145, 'Grenfell', 151, 0.0, 0.0, 0),
(3140, 'Foam Lake', 151, 0.0, 0.0, 0),
(2430, 'Ferryland', 144, 0.0, 0.0, 0),
(2641, 'Truro', 146, 0.0, 0.0, 0),
(2818, 'Hazelbrook', 149, 0.0, 0.0, 0),
(3240, 'Total towns', 151, 0.0, 0.0, 0),
(2745, 'Essex', 148, 42.17, -82.82, 10),
(2281, 'Lacombe', 140, 0.0, 0.0, 0),
(3270, 'Dawson City', 152, 0.0, 0.0, 0),
(2499, 'Lumsden', 144, 0.0, 0.0, 0),
(3163, 'Lafleche', 151, 0.0, 0.0, 0),
(3090, 'Yorkton', 151, 0.0, 0.0, 0),
(3158, 'Kerrobert', 151, 0.0, 0.0, 0),
(3061, 'Saint-Pie', 150, 0.0, 0.0, 0),
(2523, 'Norris Arm', 144, 0.0, 0.0, 0),
(3314, 'Nesketahin', 152, 0.0, 0.0, 0),
(2896, 'Trois-Rivières', 150, 0.0, 0.0, 0),
(2389, 'Burgeo', 144, 0.0, 0.0, 0),
(2769, 'Welland', 148, 0.0, 0.0, 0),
(3230, 'Watson', 151, 0.0, 0.0, 0),
(2406, 'Colinet', 144, 0.0, 0.0, 0),
(2559, 'Ramea', 144, 0.0, 0.0, 0),
(2753, 'Brampton', 148, 43.73, -79.76, 11),
(2833, 'Mount Stewart', 149, 0.0, 0.0, 0),
(2830, 'Miminegash', 149, 0.0, 0.0, 0),
(2473, 'Indian Bay', 144, 0.0, 0.0, 0),
(2489, 'Lewin''s Cove', 144, 0.0, 0.0, 0),
(2897, 'Sainte-Anne-Des-Monts', 150, 0.0, 0.0, 0),
(2708, 'Brantford', 148, 0.0, 0.0, 0),
(2450, 'Goose Cove East', 144, 0.0, 0.0, 0),
(3146, 'Gull Lake', 151, 0.0, 0.0, 0),
(2557, 'Pouch Cove', 144, 0.0, 0.0, 0),
(3263, 'Carmacks', 152, 0.0, 0.0, 0),
(2302, 'Cranbrook', 141, 0.0, 0.0, 0),
(2503, 'Mary''s Harbour', 144, 0.0, 0.0, 0),
(2812, 'Darlington', 149, 0.0, 0.0, 0),
(2763, 'Pickering', 148, 0.0, 0.0, 0),
(3122, 'Churchbridge', 151, 0.0, 0.0, 0),
(3036, 'Sainte-Anne-de-Beaupré', 150, 0.0, 0.0, 0),
(2868, 'Shawinigan', 150, 0.0, 0.0, 0),
(2860, 'La Tuque', 150, 0.0, 0.0, 0),
(3186, 'Ogema', 151, 0.0, 0.0, 0),
(2762, 'Waterloo', 148, 0.0, 0.0, 0),
(2901, 'Acton Vale', 150, 0.0, 0.0, 0),
(3306, 'Mason Landing', 152, 0.0, 0.0, 0),
(2452, 'Grand Falls-Windsor', 144, 0.0, 0.0, 0),
(3159, 'Kindersley', 151, 0.0, 0.0, 0),
(2626, 'Woody Point', 145, 0.0, 0.0, 0),
(2292, 'North Vancouver', 141, 0.0, 0.0, 0),
(3216, 'St. Walburg', 151, 0.0, 0.0, 0),
(2536, 'Pilley''s Island', 144, 0.0, 0.0, 0),
(2282, 'Leduc', 140, 0.0, 0.0, 0),
(3345, 'Wernecke', 152, 0.0, 0.0, 0),
(2442, 'Gander', 144, 0.0, 0.0, 0),
(2531, 'Parkers Cove', 144, 0.0, 0.0, 0),
(2845, 'St. Nicholas', 149, 0.0, 0.0, 0),
(3235, 'Willow Bunch', 151, 0.0, 0.0, 0),
(2455, 'Hampden', 144, 0.0, 0.0, 0),
(3091, 'North Battleford', 151, 0.0, 0.0, 0),
(2965, 'La Pocatière', 150, 0.0, 0.0, 0),
(3006, 'New Richmond', 150, 0.0, 0.0, 0),
(2918, 'Boucherville', 150, 0.0, 0.0, 0),
(2665, 'Shelburne', 146, 0.0, 0.0, 0),
(2719, 'Bracebridge', 148, 45.04, -79.31, 10),
(2666, 'St. Mary''s', 146, 0.0, 0.0, 0),
(2732, 'Kingston', 148, 0.0, 0.0, 0),
(3282, 'Gold Bottom', 152, 0.0, 0.0, 0),
(2635, 'Ulukhaktok', 145, 0.0, 0.0, 0),
(3060, 'Saint-Pascal', 150, 0.0, 0.0, 0),
(3283, 'Gold Run', 152, 0.0, 0.0, 0),
(2659, 'Chester', 146, 0.0, 0.0, 0),
(2687, 'Cape Dorset', 147, 0.0, 0.0, 0),
(2434, 'Fogo Island', 144, 0.0, 0.0, 0),
(3241, 'Bettles', 151, 0.0, 0.0, 0),
(3081, 'Waterloo', 150, 0.0, 0.0, 0),
(3215, 'St. Brieux', 151, 0.0, 0.0, 0),
(2477, 'Keels', 144, 0.0, 0.0, 0),
(3223, 'Unity', 151, 0.0, 0.0, 0),
(3311, 'Moosehide', 152, 0.0, 0.0, 0),
(2879, 'Rivière-Rouge', 150, 0.0, 0.0, 0),
(2881, 'Lévis', 150, 0.0, 0.0, 0),
(2546, 'Port au Choix', 144, 0.0, 0.0, 0),
(2478, 'King''s Cove', 144, 0.0, 0.0, 0),
(2676, 'Port Hawkesbury', 146, 0.0, 0.0, 0),
(2849, 'Tyne Valley', 149, 0.0, 0.0, 0),
(2714, 'Elliot Lake', 148, 46.39, -82.65, 10),
(2990, 'Mascouche', 150, 0.0, 0.0, 0),
(3119, 'Carrot River', 151, 0.0, 0.0, 0),
(2270, 'Lethbridge', 140, 0.0, 0.0, 0),
(2602, 'Stephenville Crossing', 144, 0.0, 0.0, 0),
(2306, 'Fernie', 141, 0.0, 0.0, 0),
(2688, 'Chesterfield Inlet', 147, 0.0, 0.0, 0),
(3113, 'Bruno', 151, 0.0, 0.0, 0),
(3251, 'Bear Creek', 152, 0.0, 0.0, 0),
(2718, 'Toronto', 148, 0.0, 0.0, 0),
(2339, 'Steinbach', 142, 0.0, 0.0, 0),
(3214, 'Springside', 151, 0.0, 0.0, 0),
(2856, 'Winsloe South', 149, 0.0, 0.0, 0),
(2950, 'Dunham', 150, 0.0, 0.0, 0),
(2924, 'Cap-Chat', 150, 0.0, 0.0, 0),
(2802, 'Bedeque and Area', 149, 0.0, 0.0, 0),
(3026, 'Rosemère', 150, 0.0, 0.0, 0),
(3329, 'Stevens Roadhouse', 152, 0.0, 0.0, 0),
(3073, 'Thurso', 150, 0.0, 0.0, 0),
(2717, 'Laurentian Hills', 148, 0.0, 0.0, 0),
(3150, 'Hepburn', 151, 0.0, 0.0, 0),
(2370, 'Bay de Verde', 144, 0.0, 0.0, 0),
(3123, 'Colonsay', 151, 0.0, 0.0, 0),
(2701, 'Pond Inlet', 147, 0.0, 0.0, 0),
(3139, 'Fleming', 151, 0.0, 0.0, 0),
(2798, 'Abrams Village', 149, 0.0, 0.0, 0),
(2576, 'Sandringham', 144, 0.0, 0.0, 0),
(2615, 'Twillingate', 144, 0.0, 0.0, 0),
(3001, 'Mont-Saint-Hilaire', 150, 0.0, 0.0, 0),
(2369, 'Bay Bulls', 144, 0.0, 0.0, 0),
(3290, 'Ibex Valley', 152, 0.0, 0.0, 0),
(2398, 'Centreville-Wareham-Trinity', 144, 0.0, 0.0, 0),
(2488, 'Leading Tickles', 144, 0.0, 0.0, 0),
(3288, 'Haines Junction', 152, 0.0, 0.0, 0),
(2974, 'L''Ancienne-Lorette', 150, 0.0, 0.0, 0),
(2784, 'Temiskaming Shores', 148, 0.0, 0.0, 0),
(2414, 'Cormack', 144, 0.0, 0.0, 0),
(2785, 'Dryden', 148, 0.0, 0.0, 0),
(3016, 'Pont-Rouge', 150, 0.0, 0.0, 0),
(3114, 'Burstall', 151, 0.0, 0.0, 0),
(3250, 'Barlow', 152, 0.0, 0.0, 0),
(3339, 'Teslin River', 152, 0.0, 0.0, 0),
(2296, 'Armstrong', 141, 0.0, 0.0, 0),
(2761, 'Cambridge', 148, 0.0, 0.0, 0),
(2826, 'Lower Montague', 149, 0.0, 0.0, 0),
(3127, 'Cupar', 151, 0.0, 0.0, 0),
(3059, 'Saint-Pamphile', 150, 0.0, 0.0, 0),
(3132, 'Duck Lake', 151, 0.0, 0.0, 0),
(2966, 'La Prairie', 150, 0.0, 0.0, 0),
(2446, 'Gillams', 144, 0.0, 0.0, 0),
(3255, 'Brewer Creek', 152, 0.0, 0.0, 0),
(2553, 'Port Saunders', 144, 0.0, 0.0, 0),
(2831, 'Miscouche', 149, 0.0, 0.0, 0),
(2381, 'Bonavista', 144, 0.0, 0.0, 0),
(2586, 'St. Alban''s', 144, 0.0, 0.0, 0),
(2385, 'Brighton', 144, 0.0, 0.0, 0),
(2757, 'St. Catharines', 148, 0.0, 0.0, 0),
(2661, 'Digby', 146, 0.0, 0.0, 0),
(2301, 'Courtenay', 141, 0.0, 0.0, 0),
(2994, 'Métabetchouan–Lac-à-la-Croix', 150, 0.0, 0.0, 0),
(3320, 'Rancheria', 152, 0.0, 0.0, 0),
(2521, 'Nipper''s Harbour', 144, 0.0, 0.0, 0),
(2269, 'Strathcona County', 140, 0.0, 0.0, 0),
(2495, 'Logy Bay-Middle Cove-Outer Cove', 144, 0.0, 0.0, 0),
(2770, 'Belleville', 148, 0.0, 0.0, 0),
(2917, 'Bonaventure', 150, 0.0, 0.0, 0),
(2836, 'New Haven-Riverdale', 149, 0.0, 0.0, 0),
(2300, 'Colwood', 141, 0.0, 0.0, 0),
(2694, 'Igloolik', 147, 0.0, 0.0, 0),
(2754, 'Kanata', 148, 0.0, 0.0, 0),
(2872, 'Mont-Laurier', 150, 0.0, 0.0, 0),
(2551, 'Port Kirwan', 144, 0.0, 0.0, 0),
(2673, 'Middleton', 146, 0.0, 0.0, 0),
(3065, 'Salaberry-de-Valleyfield', 150, 0.0, 0.0, 0),
(2533, 'Pasadena', 144, 0.0, 0.0, 0),
(2843, 'St. Felix', 149, 0.0, 0.0, 0),
(2998, 'Montreal[QC 3]', 150, 0.0, 0.0, 0),
(2407, 'Colliers', 144, 0.0, 0.0, 0),
(2829, 'Miltonvale Park', 149, 0.0, 0.0, 0),
(2814, 'Ellerslie-Bideford', 149, 0.0, 0.0, 0),
(2610, 'Trepassey', 144, 0.0, 0.0, 0),
(2289, 'Coquitlam', 141, 0.0, 0.0, 0),
(2273, 'Medicine Hat', 140, 0.0, 0.0, 0),
(2639, 'Halifax', 146, 0.0, 0.0, 0),
(2337, 'Winnipeg', 142, 0.0, 0.0, 0),
(2934, 'Clermont', 150, 0.0, 0.0, 0),
(2890, 'Gatineau', 150, 45.48, -75.7, 10),
(2734, 'Milton', 148, 0.0, 0.0, 0),
(2511, 'Milltown-Head of Bay d''Espoir', 144, 0.0, 0.0, 0),
(2919, 'Brome Lake', 150, 0.0, 0.0, 0),
(3110, 'Blaine Lake', 151, 0.0, 0.0, 0),
(2572, 'Rushoon', 144, 0.0, 0.0, 0),
(3208, 'Scott', 151, 0.0, 0.0, 0),
(3224, 'Vonda', 151, 0.0, 0.0, 0),
(2507, 'Meadows', 144, 0.0, 0.0, 0),
(2937, 'Côte Saint-Luc', 150, 0.0, 0.0, 0),
(3205, 'Rosthern', 151, 0.0, 0.0, 0),
(3019, 'Princeville', 150, 0.0, 0.0, 0),
(2311, 'Kimberley', 141, 0.0, 0.0, 0),
(2902, 'Alma', 150, 0.0, 0.0, 0),
(2267, 'Edmonton', 140, 53.54, -113.49, 10),
(3035, 'Sainte-Agathe-des-Monts', 150, 0.0, 0.0, 0),
(3044, 'Sainte-Marthe-sur-le-Lac', 150, 0.0, 0.0, 0),
(2329, 'Rossland', 141, 0.0, 0.0, 0),
(2857, 'York', 149, 0.0, 0.0, 0),
(3058, 'Saint-Ours', 150, 0.0, 0.0, 0),
(2629, 'Norman Wells', 145, 0.0, 0.0, 0),
(2354, 'Bathurst', 143, 0.0, 0.0, 0),
(3197, 'Radville', 151, 0.0, 0.0, 0),
(2415, 'Cottlesville', 144, 0.0, 0.0, 0),
(2395, 'Carbonear', 144, 0.0, 0.0, 0),
(2793, 'Stratford', 149, 0.0, 0.0, 0),
(2953, 'Estérel', 150, 0.0, 0.0, 0),
(3014, 'Plessisville', 150, 0.0, 0.0, 0),
(3141, 'Fort Qu''Appelle', 151, 0.0, 0.0, 0),
(2562, 'Reidville', 144, 0.0, 0.0, 0),
(3198, 'Raymore', 151, 0.0, 0.0, 0),
(3048, 'Saint-Georges', 150, 0.0, 0.0, 0),
(2716, 'Caledon', 148, 43.84, -79.87, 10),
(3209, 'Shaunavon', 151, 0.0, 0.0, 0),
(3078, 'Victoriaville', 150, 0.0, 0.0, 0),
(2340, 'Thompson', 142, 0.0, 0.0, 0),
(2376, 'Belleoram', 144, 0.0, 0.0, 0),
(3244, 'Melfort', 151, 0.0, 0.0, 0),
(3319, 'Quill Creek', 152, 0.0, 0.0, 0),
(2667, 'West Hants', 146, 0.0, 0.0, 0),
(3071, 'Témiscouata-sur-le-Lac', 150, 0.0, 0.0, 0),
(2989, 'Marieville', 150, 0.0, 0.0, 0),
(2351, 'Miramichi', 143, 0.0, 0.0, 0),
(2352, 'Edmundston', 143, 0.0, 0.0, 0),
(3222, 'Turtleford', 151, 0.0, 0.0, 0),
(2358, 'Mount Pearl', 144, 0.0, 0.0, 0),
(2480, 'Kippens', 144, 0.0, 0.0, 0),
(2609, 'Traytown', 144, 0.0, 0.0, 0),
(2899, 'Longueuil', 150, 0.0, 0.0, 0),
(2326, 'Prince Rupert', 141, 0.0, 0.0, 0),
(2542, 'Point May', 144, 0.0, 0.0, 0),
(2512, 'Ming''s Bight', 144, 0.0, 0.0, 0),
(2632, 'Tsiigehtchic', 145, 0.0, 0.0, 0),
(2758, 'Oshawa', 148, 0.0, 0.0, 0),
(3164, 'Lampman', 151, 0.0, 0.0, 0),
(2441, 'Gambo', 144, 0.0, 0.0, 0),
(2741, 'Mississauga', 148, 0.0, 0.0, 0),
(3322, 'Robinson', 152, 0.0, 0.0, 0),
(3299, 'Lansdowne', 152, 0.0, 0.0, 0),
(3344, 'Watson Lake', 152, 0.0, 0.0, 0),
(3099, 'Arcola', 151, 0.0, 0.0, 0),
(2707, 'Whale Cove', 147, 0.0, 0.0, 0),
(3280, 'Frances Lake', 152, 0.0, 0.0, 0),
(2795, 'Borden-Carleton', 149, 0.0, 0.0, 0),
(2699, 'Naujaat', 147, 0.0, 0.0, 0),
(2744, 'Innisfil', 148, 0.0, 0.0, 0),
(2911, 'Bedford', 150, 0.0, 0.0, 0),
(3287, 'Gravel Lake', 152, 0.0, 0.0, 0),
(2823, 'Linkletter', 149, 0.0, 0.0, 0),
(3260, 'Canyon City', 152, 0.0, 0.0, 0),
(3063, 'Saint-Sauveur', 150, 0.0, 0.0, 0),
(2454, 'Greenspond', 144, 0.0, 0.0, 0),
(2278, 'Chestermere', 140, 0.0, 0.0, 0),
(3022, 'Richelieu', 150, 0.0, 0.0, 0),
(2927, 'Carleton-sur-Mer', 150, 0.0, 0.0, 0),
(3221, 'Tisdale', 151, 0.0, 0.0, 0),
(2515, 'Mount Moriah', 144, 0.0, 0.0, 0),
(2964, 'Kirkland', 150, 0.0, 0.0, 0),
(3131, 'Delisle', 151, 0.0, 0.0, 0),
(2771, 'Cornwall', 148, 0.0, 0.0, 0),
(3133, 'Dundurn', 151, 0.0, 0.0, 0),
(3229, 'Watrous', 151, 0.0, 0.0, 0),
(2299, 'Chilliwack', 141, 0.0, 0.0, 0),
(2801, 'Annandale-Little Pond-Howe Bay', 149, 0.0, 0.0, 0),
(2807, 'Brudenell', 149, 0.0, 0.0, 0),
(2942, 'Delson', 150, 0.0, 0.0, 0),
(2284, 'Spruce Grove', 140, 0.0, 0.0, 0),
(3165, 'Langenburg', 151, 0.0, 0.0, 0),
(3177, 'Midale', 151, 0.0, 0.0, 0),
(2808, 'Cardigan', 149, 0.0, 0.0, 0),
(2906, 'Barkmere', 150, 0.0, 0.0, 0),
(2388, 'Buchans', 144, 0.0, 0.0, 0),
(2970, 'Lachute', 150, 0.0, 0.0, 0),
(3254, 'Braeburn', 152, 0.0, 0.0, 0),
(2498, 'Lourdes', 144, 0.0, 0.0, 0),
(2413, 'Cook''s Harbour', 144, 0.0, 0.0, 0),
(3039, 'Sainte-Catherine', 150, 0.0, 0.0, 0),
(2578, 'Seal Cove (Fortune Bay)', 144, 0.0, 0.0, 0),
(3170, 'Lemberg', 151, 0.0, 0.0, 0),
(3261, 'Carcross Cutoff', 152, 0.0, 0.0, 0),
(2315, 'Nanaimo', 141, 0.0, 0.0, 0),
(3350, 'Yukon Crossing', 152, 0.0, 0.0, 0),
(3284, 'Gordon Landing', 152, 0.0, 0.0, 0),
(2723, 'South Bruce Peninsula', 148, 0.0, 0.0, 0),
(3210, 'Shellbrook', 151, 0.0, 0.0, 0),
(2873, 'Dégelis', 150, 47.54, -68.59, 10),
(3136, 'Elrose', 151, 0.0, 0.0, 0),
(2348, 'Dieppe', 143, 0.0, 0.0, 0),
(2743, 'The Blue Mountains', 148, 0.0, 0.0, 0),
(2579, 'Seal Cove (White Bay)', 144, 0.0, 0.0, 0),
(2816, 'Greenmount-Montrose', 149, 0.0, 0.0, 0),
(2997, 'Montmagny', 150, 0.0, 0.0, 0),
(2325, 'Prince George', 141, 0.0, 0.0, 0),
(2617, 'Wabana', 145, 0.0, 0.0, 0),
(2672, 'Mahone Bay', 146, 0.0, 0.0, 0),
(2697, 'Kugaaruk', 147, 0.0, 0.0, 0),
(2563, 'Rencontre East', 144, 0.0, 0.0, 0),
(2653, 'Kings', 146, 0.0, 0.0, 0),
(3072, 'Thetford Mines', 150, 0.0, 0.0, 0),
(3232, 'White City', 151, 0.0, 0.0, 0),
(3293, 'Jensen Creek', 152, 0.0, 0.0, 0),
(3117, 'Carlyle', 151, 0.0, 0.0, 0),
(3249, 'Ballarat Creek', 152, 0.0, 0.0, 0),
(2411, 'Conception Harbour', 144, 0.0, 0.0, 0),
(3103, 'Balgonie', 151, 0.0, 0.0, 0),
(3075, 'Valcourt', 150, 0.0, 0.0, 0),
(3147, 'Hafford', 151, 0.0, 0.0, 0),
(2363, 'Arnold''s Cove', 144, 0.0, 0.0, 0),
(2877, 'Fermont', 150, 52.8, -67.08, 10),
(2517, 'Musgravetown', 144, 0.0, 0.0, 0),
(3138, 'Eston', 151, 0.0, 0.0, 0),
(3245, 'Meadow Lake', 151, 0.0, 0.0, 0),
(2960, 'Hudson', 150, 0.0, 0.0, 0),
(2357, 'Corner Brook', 144, 0.0, 0.0, 0),
(3242, 'Martensville', 151, 0.0, 0.0, 0),
(2715, 'Huntsville', 148, 0.0, 0.0, 0),
(2903, 'Amqui', 150, 0.0, 0.0, 0),
(3045, 'Sainte-Thérèse', 150, 0.0, 0.0, 0),
(2341, 'Portage La Prairie', 142, 0.0, 0.0, 0),
(2660, 'Clare', 146, 0.0, 0.0, 0),
(3148, 'Hague', 151, 0.0, 0.0, 0),
(2423, 'Duntara', 144, 0.0, 0.0, 0),
(2986, 'Magog', 150, 0.0, 0.0, 0),
(2948, 'Dorval', 150, 0.0, 0.0, 0),
(3191, 'Pilot Butte', 151, 0.0, 0.0, 0),
(3085, 'Saskatoon', 151, 0.0, 0.0, 0),
(3294, 'Kirkman Creek', 152, 0.0, 0.0, 0),
(2485, 'Lark Harbour', 144, 0.0, 0.0, 0),
(2975, 'L''Assomption', 150, 0.0, 0.0, 0),
(2293, 'Richmond', 141, 0.0, 0.0, 0),
(3181, 'Mossbank', 151, 0.0, 0.0, 0),
(2334, 'West Kelowna', 141, 0.0, 0.0, 0),
(2704, 'Resolute', 147, 0.0, 0.0, 0),
(2335, 'White Rock', 141, 0.0, 0.0, 0),
(2686, 'Cambridge Bay', 147, 0.0, 0.0, 0),
(3134, 'Eastend', 151, 0.0, 0.0, 0),
(2855, 'West River', 149, 0.0, 0.0, 0),
(3040, 'Sainte-Catherine-de-la-Jacques-Cartier', 150, 0.0, 0.0, 0),
(2373, 'Baytona', 144, 0.0, 0.0, 0),
(2627, 'York Harbour', 145, 0.0, 0.0, 0),
(2648, 'Annapolis', 146, 0.0, 0.0, 0),
(3171, 'Leroy', 151, 0.0, 0.0, 0),
(2853, 'Warren Grove', 149, 0.0, 0.0, 0),
(2913, 'Berthierville', 150, 0.0, 0.0, 0),
(3104, 'Battleford', 151, 0.0, 0.0, 0),
(2328, 'Revelstoke', 141, 0.0, 0.0, 0),
(2621, 'Whitbourne', 145, 0.0, 0.0, 0),
(2797, 'O''Leary', 149, 0.0, 0.0, 0),
(3234, 'Wilkie', 151, 0.0, 0.0, 0),
(3185, 'Norquay', 151, 0.0, 0.0, 0),
(2353, 'Moncton', 143, 0.0, 0.0, 0),
(2971, 'Lac-Mégantic', 150, 0.0, 0.0, 0),
(2422, 'Dover', 144, 0.0, 0.0, 0),
(2581, 'South Brook', 144, 0.0, 0.0, 0),
(2620, 'Westport', 145, 0.0, 0.0, 0),
(3064, 'Saint-Tite', 150, 0.0, 0.0, 0),
(2304, 'Duncan', 141, 0.0, 0.0, 0),
(3043, 'Sainte-Marie', 150, 0.0, 0.0, 0),
(2616, 'Upper Island Cove', 144, 0.0, 0.0, 0),
(2962, 'Joliette', 150, 0.0, 0.0, 0),
(2633, 'Tuktoyaktuk', 145, 0.0, 0.0, 0),
(2791, 'Montague', 149, 0.0, 0.0, 0),
(2923, 'Candiac', 150, 0.0, 0.0, 0),
(2764, 'Niagara Falls', 148, 0.0, 0.0, 0),
(2859, 'Cavendish and North Rustico', 149, 0.0, 0.0, 0),
(3313, 'Mt. Lorne', 152, 0.0, 0.0, 0),
(2938, 'Coteau-du-Lac', 150, 0.0, 0.0, 0),
(2983, 'Lorraine', 150, 0.0, 0.0, 0),
(2774, 'St. Thomas', 148, 0.0, 0.0, 0),
(2368, 'Bauline', 144, 0.0, 0.0, 0),
(3152, 'Hudson Bay', 151, 0.0, 0.0, 0),
(2294, 'Vancouver', 141, 0.0, 0.0, 0),
(2848, 'Tignish Shore', 149, 0.0, 0.0, 0),
(3023, 'Richmond', 150, 0.0, 0.0, 0),
(3098, 'Arborfield', 151, 0.0, 0.0, 0),
(3346, 'West Dawson', 152, 0.0, 0.0, 0),
(2608, 'Torbay', 144, 0.0, 0.0, 0),
(2349, 'Riverview', 143, 0.0, 0.0, 0),
(2891, 'Pohénégamook', 150, 0.0, 0.0, 0),
(2630, 'Paulatuk', 145, 0.0, 0.0, 0),
(2382, 'Botwood', 144, 0.0, 0.0, 0),
(2977, 'Lebel-sur-Quévillon', 150, 0.0, 0.0, 0),
(2631, 'Sachs Harbour', 145, 0.0, 0.0, 0),
(3281, 'Glenboyle', 152, 0.0, 0.0, 0),
(3253, 'Boundary', 152, 0.0, 0.0, 0),
(2283, 'Lloydminster', 140, 0.0, 0.0, 0),
(2457, 'Happy Adventure', 144, 0.0, 0.0, 0),
(2900, 'Terrebonne', 150, 0.0, 0.0, 0),
(2462, 'Hare Bay', 144, 0.0, 0.0, 0),
(3286, 'Granville', 152, 0.0, 0.0, 0),
