(203, 'UT', 7),
(180, 'MO', 7),
(179, 'MN', 7),
(169, 'IL', 7),
(181, 'MP', 7),
(182, 'MS', 7),
(170, 'IN', 7),
(183, 'MT', 7),
(152, 'AK', 7),
(153, 'AL', 7),
(204, 'VA', 7),
(155, 'AS', 7),
(154, 'AR', 7),
(205, 'VI', 7),
(185, 'ND', 7),
(184, 'NC', 7),
(186, 'NE', 7),
(198, 'RI', 7),
(187, 'NH', 7),
(156, 'AZ', 7),
(188, 'NJ', 7),
(160, 'DC', 7),
(196, 'PR', 7),
(161, 'DE', 7),
(166, 'HI', 7),
(202, 'TX', 7),
(197, 'PW', 7),
(174, 'MA', 7),
(167, 'IA', 7),
(176, 'ME', 7),
(175, 'MD', 7),
(178, 'MI', 7),
(168, 'ID', 7),
(177, 'MH', 7),
(157, 'CA', 7),
(209, 'WV', 7),
(210, 'WY', 7),
(194, 'OR', 7),
(171, 'KS', 7),
(158, 'CO', 7),
(165, 'GU', 7),
(172, 'KY', 7),
(159, 'CT', 7),
(195, 'PA', 7),
(173, 'LA', 7),
(201, 'TN', 7),
(206, 'VT', 7),
(189, 'NM', 7),
(162, 'FL', 7),
(190, 'NV', 7),
(163, 'FM', 7),
(207, 'WA', 7),
(191, 'NY', 7),
(199, 'SC', 7),
(208, 'WI', 7),
(200, 'SD', 7),
(164, 'GA', 7),
(192, 'OH', 7),
(193, 'OK', 7),
